{"level":"info","message":"Database connected","service":"manzil-api","timestamp":"2026-06-17 19:26:45"}
{"level":"info","message":"Server running on port 5000 [development]","service":"manzil-api","timestamp":"2026-06-17 19:26:45"}
{"level":"info","message":"Database connected","service":"manzil-api","timestamp":"2026-06-18 20:07:00"}
{"level":"info","message":"Server running on port 5000 [development]","service":"manzil-api","timestamp":"2026-06-18 20:07:00"}
{"level":"info","message":"Database connected","service":"manzil-api","timestamp":"2026-06-18 20:10:17"}
{"level":"info","message":"Server running on port 5000 [development]","service":"manzil-api","timestamp":"2026-06-18 20:10:17"}
{"level":"info","message":"Database connected","service":"manzil-api","timestamp":"2026-06-20 15:15:59"}
{"level":"info","message":"Server running on port 5000 [development]","service":"manzil-api","timestamp":"2026-06-20 15:15:59"}
{"level":"info","message":"Database connected","service":"manzil-api","timestamp":"2026-06-20 15:37:50"}
{"level":"info","message":"Server running on port 5000 [development]","service":"manzil-api","timestamp":"2026-06-20 15:37:50"}
{"level":"info","message":"Database connected","service":"manzil-api","timestamp":"2026-06-20 15:38:02"}
{"level":"info","message":"Server running on port 5000 [development]","service":"manzil-api","timestamp":"2026-06-20 15:38:02"}
{"level":"info","message":"Database connected","service":"manzil-api","timestamp":"2026-06-20 15:38:15"}
{"level":"info","message":"Server running on port 5000 [development]","service":"manzil-api","timestamp":"2026-06-20 15:38:15"}
{"level":"info","message":"Database connected","service":"manzil-api","timestamp":"2026-06-20 15:38:26"}
{"level":"info","message":"Server running on port 5000 [development]","service":"manzil-api","timestamp":"2026-06-20 15:38:26"}
{"level":"info","message":"Database connected","service":"manzil-api","timestamp":"2026-06-20 15:38:46"}
{"level":"error","message":"Prisma error \nInvalid `prisma.permission.create()` invocation in\nC:\\Users\\user\\Desktop\\pocs\\manzil\\backend\\src\\services\\role.service.ts:71:28\n\n  68 const resource = data.resource.toLowerCase().trim();\n  69 const action = data.action.toLowerCase().trim();\n  70 const name = `${resource}:${action}`;\n→ 71 return prisma.permission.create(\nUnique constraint failed on the fields: (`name`)","service":"manzil-api","timestamp":"2026-06-20 15:41:35"}
{"level":"error","message":"Prisma error \nInvalid `prisma.role.update()` invocation in\nC:\\Users\\user\\Desktop\\pocs\\manzil\\backend\\src\\services\\role.service.ts:34:22\n\n  31 const role = await prisma.role.findUnique({ where: { id } });\n  32 if (role?.isSystem) throw new Error('SYSTEM_ROLE');\n  33 \n→ 34 return prisma.role.update(\nAn operation failed because it depends on one or more records that were required but not found. Record to update not found.","service":"manzil-api","timestamp":"2026-06-20 15:41:35"}
{"level":"error","message":"Prisma error \nInvalid `prisma.role.delete()` invocation in\nC:\\Users\\user\\Desktop\\pocs\\manzil\\backend\\src\\services\\role.service.ts:44:28\n\n  41 export const deleteRole = async (id: string) => {\n  42   const role = await prisma.role.findUnique({ where: { id } });\n  43   if (role?.isSystem) throw new Error('SYSTEM_ROLE');\n→ 44   return prisma.role.delete(\nAn operation failed because it depends on one or more records that were required but not found. Record to delete does not exist.","service":"manzil-api","timestamp":"2026-06-20 15:41:35"}
{"level":"info","message":"Database connected","service":"manzil-api","timestamp":"2026-06-20 16:05:32"}
{"level":"info","message":"Server running on port 5000 [development]","service":"manzil-api","timestamp":"2026-06-20 16:05:32"}
{"level":"info","message":"Database connected","service":"manzil-api","timestamp":"2026-06-24 19:47:53"}
{"level":"info","message":"Server running on port 5000 [development]","service":"manzil-api","timestamp":"2026-06-24 19:47:53"}
{"level":"info","message":"Database connected","service":"manzil-api","timestamp":"2026-06-24 22:42:43"}
{"level":"info","message":"Server running on port 5000 [development]","service":"manzil-api","timestamp":"2026-06-24 22:42:43"}
{"level":"info","message":"Database connected","service":"manzil-api","timestamp":"2026-06-24 23:00:19"}
{"level":"info","message":"Server running on port 5000 [development]","service":"manzil-api","timestamp":"2026-06-24 23:00:19"}
{"level":"info","message":"Database connected","service":"manzil-api","timestamp":"2026-06-26 16:17:40"}
{"level":"info","message":"Server running on port 5000 [development]","service":"manzil-api","timestamp":"2026-06-26 16:17:40"}
{"level":"info","message":"Database connected","service":"manzil-api","timestamp":"2026-06-30 14:04:21"}
{"level":"info","message":"Server running on port 5000 [development]","service":"manzil-api","timestamp":"2026-06-30 14:04:21"}
{"level":"info","message":"Database connected","service":"manzil-api","timestamp":"2026-06-30 14:06:08"}
{"level":"info","message":"Server running on port 5000 [development]","service":"manzil-api","timestamp":"2026-06-30 14:06:08"}
{"level":"info","message":"Database connected","service":"manzil-api","timestamp":"2026-06-30 14:06:21"}
{"level":"info","message":"Server running on port 5000 [development]","service":"manzil-api","timestamp":"2026-06-30 14:06:21"}
{"level":"info","message":"Database connected","service":"manzil-api","timestamp":"2026-06-30 14:06:30"}
{"level":"info","message":"Server running on port 5000 [development]","service":"manzil-api","timestamp":"2026-06-30 14:06:30"}
{"level":"info","message":"Database connected","service":"manzil-api","timestamp":"2026-06-30 15:22:10"}
{"level":"info","message":"Server running on port 5000 [development]","service":"manzil-api","timestamp":"2026-06-30 15:22:10"}
{"level":"info","message":"Database connected","service":"manzil-api","timestamp":"2026-06-30 15:51:41"}
{"level":"info","message":"Server running on port 5000 [development]","service":"manzil-api","timestamp":"2026-06-30 15:51:41"}
{"level":"info","message":"Database connected","service":"manzil-api","timestamp":"2026-06-30 18:17:26"}
{"level":"info","message":"Server running on port 5000 [development]","service":"manzil-api","timestamp":"2026-06-30 18:17:26"}
{"level":"info","message":"Database connected","service":"manzil-api","timestamp":"2026-06-30 19:12:22"}
{"level":"info","message":"Server running on port 5000 [development]","service":"manzil-api","timestamp":"2026-06-30 19:12:22"}
{"level":"info","message":"Database connected","service":"manzil-api","timestamp":"2026-06-30 19:13:07"}
{"level":"info","message":"Server running on port 5000 [development]","service":"manzil-api","timestamp":"2026-06-30 19:13:07"}
{"level":"info","message":"Database connected","service":"manzil-api","timestamp":"2026-06-30 19:14:57"}
{"level":"info","message":"Server running on port 5000 [development]","service":"manzil-api","timestamp":"2026-06-30 19:14:57"}
{"level":"info","message":"Database connected","service":"manzil-api","timestamp":"2026-06-30 20:02:58"}
{"level":"info","message":"Server running on port 5000 [development]","service":"manzil-api","timestamp":"2026-06-30 20:02:58"}
{"level":"info","message":"Database connected","service":"manzil-api","timestamp":"2026-06-30 22:03:48"}
{"level":"info","message":"Database connected","service":"manzil-api","timestamp":"2026-06-30 22:11:02"}
{"level":"info","message":"Database connected","service":"manzil-api","timestamp":"2026-06-30 22:16:43"}
